C51 COMPILER V9.57.0.0   IR                                                                06/17/2025 15:26:27 PAGE 1   


C51 COMPILER V9.57.0.0, COMPILATION OF MODULE IR
OBJECT MODULE PLACED IN .\Objects\IR.obj
COMPILER INVOKED BY: D:\keil 5 project\C51\BIN\C51.EXE IR.c OPTIMIZE(8,SPEED) BROWSE DEBUG OBJECTEXTEND PRINT(.\Listings
                    -\IR.lst) OBJECT(.\Objects\IR.obj)

line level    source

   1          #include <REGX52.H>
   2          #include <INT0.H>
   3          #include <TIMER0.H>
   4          
   5          unsigned char IR_State;    //
   6          unsigned int IR_Time;
   7          unsigned char IR_Repeat_Flag;
   8          unsigned char IR_Data_Flag;
   9          unsigned char IR_Adderss;
  10          unsigned char IR_Command;
  11          unsigned char IR_Data[4];
  12          unsigned char IR_P_Data;
  13          
  14          void IR_INIT()
  15          {
  16   1              void INT0_INIT();
  17   1              void TIMER0_INIT();
  18   1      }
  19          
  20          unsigned char IR_Data_Flag1()
  21          {
  22   1              if(IR_Data_Flag)
  23   1              {
  24   2                      IR_Data_Flag=0;
  25   2                      return 1;
  26   2              }
  27   1              return 0;
  28   1      }
  29          
  30          unsigned char IR_Repeat_Flag1()
  31          {
  32   1              if(IR_Repeat_Flag)
  33   1              {
  34   2                      IR_Repeat_Flag=0;
  35   2                      return 1;
  36   2              }
  37   1              return 0;
  38   1      }
  39          
  40          unsigned char IR_GetAdderss()
  41          {
  42   1              return IR_Adderss;
  43   1      }
  44          
  45          unsigned char IR_GetCommand()
  46          {
  47   1              return IR_Command;
  48   1      }
  49          
  50          void INT0_ISR()                 interrupt 0
  51          {
  52   1              if(IR_State==0)
  53   1              {
  54   2                      TIMER0_SetCounter(0);
C51 COMPILER V9.57.0.0   IR                                                                06/17/2025 15:26:27 PAGE 2   

  55   2                      TIMER0_Run(1);
  56   2                      IR_State=1;
  57   2              }
  58   1              else if(IR_State==1)
  59   1              {
  60   2                      IR_Time=TIMER0_GetCounter();
  61   2                      TIMER0_SetCounter(0);
  62   2                      if(IR_Time>13500-500&&IR_Time<13500+500)
  63   2                      {
  64   3                              IR_State=2;
  65   3                      }
  66   2                      else if(IR_Time>11250-500&&IR_Time<11250+500)
  67   2                      {
  68   3                              IR_Repeat_Flag=1;
  69   3                              TIMER0_Run(0);
  70   3                              IR_State=0;     
  71   3                      }
  72   2                      else
  73   2                      {
  74   3                              IR_State=1;     
  75   3                      }
  76   2              }
  77   1              else if(IR_State==2)
  78   1              {
  79   2                      IR_Time=TIMER0_GetCounter();
  80   2                      TIMER0_SetCounter(0);
  81   2                      if(IR_Time>1120-500&&IR_Time<1120+500)
  82   2                      {
  83   3                              IR_Data[IR_P_Data/8]&=~(0x01<<(IR_P_Data%8));
  84   3                              IR_P_Data++;
  85   3                      }
  86   2                      else if(IR_Time>2250-500&&IR_Time<2250+500)
  87   2                      {
  88   3                              IR_Data[IR_P_Data/8]&=~(0x01<<(IR_P_Data%8));
  89   3                              IR_P_Data++;
  90   3                      }
  91   2                      else
  92   2                      {
  93   3                              IR_P_Data=0;
  94   3                              IR_State=1;     
  95   3                      }
  96   2              }
  97   1              if(IR_P_Data>=32)
  98   1              {
  99   2                      IR_P_Data=0;
 100   2                      if(IR_Data[0]==~IR_Data[1]&&IR_Data[2]==~IR_Data[3])
 101   2                      {
 102   3                              IR_Command=IR_Data[2];
 103   3                              IR_Adderss=IR_Data[0];
 104   3                              IR_Data_Flag=1;
 105   3      
 106   3                      }
 107   2                      TIMER0_Run(0);
 108   2                      IR_State=0;
 109   2              }
 110   1              
 111   1              
 112   1              
 113   1              
 114   1      }
 115          
 116          
C51 COMPILER V9.57.0.0   IR                                                                06/17/2025 15:26:27 PAGE 3   

 117          
 118          
 119          
 120          
 121          
 122          
 123          
 124          
 125          
 126          
 127          
 128          
 129          
 130          
 131          
 132          
 133          
 134          
 135          


MODULE INFORMATION:   STATIC OVERLAYABLE
   CODE SIZE        =    370    ----
   CONSTANT SIZE    =   ----    ----
   XDATA SIZE       =   ----    ----
   PDATA SIZE       =   ----    ----
   DATA SIZE        =     12    ----
   IDATA SIZE       =   ----    ----
   BIT SIZE         =   ----    ----
END OF MODULE INFORMATION.


C51 COMPILATION COMPLETE.  0 WARNING(S),  0 ERROR(S)
