C51 COMPILER V9.57.0.0   MAIN                                                              06/17/2025 15:40:53 PAGE 1   


C51 COMPILER V9.57.0.0, COMPILATION OF MODULE MAIN
OBJECT MODULE PLACED IN .\Objects\main.obj
COMPILER INVOKED BY: D:\keil 5 project\C51\BIN\C51.EXE main.c OPTIMIZE(8,SPEED) BROWSE DEBUG OBJECTEXTEND PRINT(.\Listin
                    -gs\main.lst) OBJECT(.\Objects\main.obj)

line level    source

   1          #include <REGX52.H>
   2          //#include <IR.H>
   3          #include <LCD1602.h>
   4          
   5          unsigned char ADRESS1;
   6          unsigned char NUMBER1;
   7          
   8          void main()
   9          {
  10   1              LCD_Write_INIT();
  11   1      //      IR_INIT();
  12   1              while(1)
  13   1              {
  14   2                      LCD_ShowString(1,1,"adress");
  15   2      
  16   2                      
  17   2      //              if(IR_Repeat_Flag1())
  18   2      //              {
  19   2      //                      ADRESS1=IR_GetCommand();
  20   2      //                      LCD_ShowNum(2,1,ADRESS1,4);
  21   2      //                      if(ADRESS1==0X15)
  22   2      //                      {
  23   2      //                              NUMBER1--;
  24   2      //                      }
  25   2      //                      if(ADRESS1==0X09)
  26   2      //                      {
  27   2      //                              NUMBER1++;
  28   2      //                      }
  29   2      //                      LCD_ShowNum(2,9,NUMBER1,4);
  30   2      //              }
  31   2              }
  32   1      }
  33          
  34          


MODULE INFORMATION:   STATIC OVERLAYABLE
   CODE SIZE        =     18    ----
   CONSTANT SIZE    =      7    ----
   XDATA SIZE       =   ----    ----
   PDATA SIZE       =   ----    ----
   DATA SIZE        =      2    ----
   IDATA SIZE       =   ----    ----
   BIT SIZE         =   ----    ----
END OF MODULE INFORMATION.


C51 COMPILATION COMPLETE.  0 WARNING(S),  0 ERROR(S)
