C51 COMPILER V9.57.0.0   TIMER0                                                            06/16/2025 17:22:03 PAGE 1   


C51 COMPILER V9.57.0.0, COMPILATION OF MODULE TIMER0
OBJECT MODULE PLACED IN .\Objects\TIMER0.obj
COMPILER INVOKED BY: D:\keil 5 project\C51\BIN\C51.EXE TIMER0.c OPTIMIZE(8,SPEED) BROWSE DEBUG OBJECTEXTEND PRINT(.\List
                    -ings\TIMER0.lst) OBJECT(.\Objects\TIMER0.obj)

line level    source

   1          #include <REGX52.H>
   2          
   3          void TIMER0_INIT()
   4          {
   5   1              TMOD&=0XF0;
   6   1              TMOD|=0X01;
   7   1              TH0=0;
   8   1              TL0=0;
   9   1              TF0=0;
  10   1              TR0=0;
  11   1              ET0=0;
  12   1      }
  13          
  14          void TIMER0_SetCounter(unsigned int value)
  15          {
  16   1              TH0=value/256;
  17   1              TL0=value%256;
  18   1      }
  19                  
  20          unsigned int TIMER0_GetCounter()
  21          {
  22   1      //      unsigned int value;
  23   1      //      value=(TH0<<8)|TL0;
  24   1      //      return value;
  25   1              return (TH0<<8)|TL0;
  26   1      }
  27          
  28          void TIMER0_Run(unsigned char flag)
  29          {
  30   1      //      if(flag)
  31   1      //              TR0=1;
  32   1      //      else
  33   1      //              TR0=0;
  34   1              TR0=flag;
  35   1      }
  36          
  37          
  38          
  39          
  40          
  41          
  42          
  43          
  44          
  45          
  46          
  47          
  48          
  49          
  50          
  51          
  52          
  53          
  54          
C51 COMPILER V9.57.0.0   TIMER0                                                            06/16/2025 17:22:03 PAGE 2   

  55          


MODULE INFORMATION:   STATIC OVERLAYABLE
   CODE SIZE        =     44    ----
   CONSTANT SIZE    =   ----    ----
   XDATA SIZE       =   ----    ----
   PDATA SIZE       =   ----    ----
   DATA SIZE        =   ----    ----
   IDATA SIZE       =   ----    ----
   BIT SIZE         =   ----    ----
END OF MODULE INFORMATION.


C51 COMPILATION COMPLETE.  0 WARNING(S),  0 ERROR(S)
