C51 COMPILER V9.57.0.0   INT0                                                              06/17/2025 15:45:56 PAGE 1   


C51 COMPILER V9.57.0.0, COMPILATION OF MODULE INT0
OBJECT MODULE PLACED IN .\Objects\INT0.obj
COMPILER INVOKED BY: D:\keil 5 project\C51\BIN\C51.EXE INT0.c OPTIMIZE(8,SPEED) BROWSE DEBUG OBJECTEXTEND PRINT(.\Listin
                    -gs\INT0.lst) OBJECT(.\Objects\INT0.obj)

line level    source

   1          #include <REGX52.H>
   2          void INT0_INIT()
   3          {
   4   1              IT0=1;
   5   1              IE0=0;
   6   1              EX0=1;
   7   1              EA=1;
   8   1              PX0=1;
   9   1      }
  10                  
  11          //void INT0_ISR() interrupt 0
  12          //{
  13          //      
  14          //}


MODULE INFORMATION:   STATIC OVERLAYABLE
   CODE SIZE        =     11    ----
   CONSTANT SIZE    =   ----    ----
   XDATA SIZE       =   ----    ----
   PDATA SIZE       =   ----    ----
   DATA SIZE        =   ----    ----
   IDATA SIZE       =   ----    ----
   BIT SIZE         =   ----    ----
END OF MODULE INFORMATION.


C51 COMPILATION COMPLETE.  0 WARNING(S),  0 ERROR(S)
