C51 COMPILER V9.57.0.0   LCD1602                                                           06/15/2025 18:13:32 PAGE 1   


C51 COMPILER V9.57.0.0, COMPILATION OF MODULE LCD1602
OBJECT MODULE PLACED IN .\Objects\LCD1602.obj
COMPILER INVOKED BY: D:\keil 5 project\C51\BIN\C51.EXE LCD1602.c OPTIMIZE(8,SPEED) BROWSE DEBUG OBJECTEXTEND PRINT(.\Lis
                    -tings\LCD1602.lst) OBJECT(.\Objects\LCD1602.obj)

line level    source

   1          #include <REGX52.H>
   2          
   3          sbit LCD_RS=P2^6;
   4          sbit LCD_WR=P2^5;
   5          sbit LCD_EN=P2^7;
   6          
   7          #define LCD_Data    P0
   8          
   9          void Delay()            //@11.0592MHz1ms
  10          {
  11   1              unsigned char i, j;
  12   1              i = 2;
  13   1              j = 199;
  14   1              do
  15   1              {
  16   2                      while (--j);
  17   2              } while (--i);
  18   1      }
  19          
  20          void LCD_Write_Command(unsigned char Command)
  21          {
  22   1              LCD_RS=0;
  23   1              LCD_WR=0;
  24   1              LCD_Data=Command;
  25   1              LCD_EN=1;
  26   1              Delay();
  27   1              LCD_EN=0;
  28   1              Delay();
  29   1      }
  30          
  31          void LCD_Write_Data(unsigned char Data)
  32          {
  33   1              LCD_RS=1;
  34   1              LCD_WR=0;
  35   1              LCD_Data=Data;
  36   1              LCD_EN=1;
  37   1              Delay();
  38   1              LCD_EN=0;
  39   1              Delay();
  40   1      }
  41          
  42          void LCD_Write_INIT()
  43          {
  44   1              LCD_Write_Command(0X38);
  45   1              LCD_Write_Command(0X0C);
  46   1              LCD_Write_Command(0X06);
  47   1              LCD_Write_Command(0X01);
  48   1      }
  49          
  50          void LCD_ShowChar(unsigned char line,unsigned char low,unsigned char Char)
  51          {
  52   1              if(line==1)
  53   1              {
  54   2                      LCD_Write_Command(0x80|(low-1));
C51 COMPILER V9.57.0.0   LCD1602                                                           06/15/2025 18:13:32 PAGE 2   

  55   2              }
  56   1              else
  57   1              {
  58   2                      LCD_Write_Command(0x80|(low-1)+0x40);
  59   2              }
  60   1              LCD_Write_Data(Char);
  61   1      }
  62          
  63          int LCD_POW(int x,int y)
  64          {
  65   1              unsigned char i;
  66   1              int result=1;
  67   1              for(i=0;i<y;i++)
  68   1                      {
  69   2                              result*=x;
  70   2                      }
  71   1              return result;
  72   1      }
  73                  //Ö»ÄÜÏÔÊ¾0~255£»
  74          void LCD_ShowNum(unsigned char line,unsigned char low,unsigned char Num,unsigned char length)
  75          {
  76   1              unsigned char i;
  77   1              if(line==1)
  78   1              {
  79   2                      LCD_Write_Command(0x80|(low-1));
  80   2              }
  81   1              else
  82   1              {
  83   2                      LCD_Write_Command(0x80|(low-1)+0x40);
  84   2              }
  85   1              for(i=length;i>0;i--)
  86   1              {
  87   2                      LCD_Write_Data(Num/LCD_POW(10,i-1)%10+'0');
  88   2              }
  89   1      }
  90          
  91          void LCD_ShowString(unsigned char line,unsigned char low,unsigned char* String)
  92          {
  93   1              unsigned char i;
  94   1              if(line==1)
  95   1              {
  96   2                      LCD_Write_Command(0x80|(low-1));
  97   2              }
  98   1              else
  99   1              {
 100   2                      LCD_Write_Command(0x80|(low-1)+0x40);
 101   2              }
 102   1              for(i=0;*(String+i)!='\0';i++)
 103   1              {
 104   2                      LCD_Write_Data(*(String+i));
 105   2              }
 106   1      }
 107          
 108          void LCD_SHOWsignedNum(unsigned char line,unsigned char low,int Num,unsigned char length)
 109          {
 110   1              unsigned char i;
 111   1              if(line==1)
 112   1              {
 113   2                      LCD_Write_Command(0x80|(low-1));
 114   2              }
 115   1              else
 116   1              {
C51 COMPILER V9.57.0.0   LCD1602                                                           06/15/2025 18:13:32 PAGE 3   

 117   2                      LCD_Write_Command(0x80|(low-1)+0x40);
 118   2              }
 119   1              if(Num>=0)
 120   1              {
 121   2                      LCD_Write_Data('+');
 122   2              }
 123   1              else
 124   1              {
 125   2                      LCD_Write_Data('-');
 126   2                      Num=-Num;
 127   2              }
 128   1              for(i=length;i>0;i--)
 129   1              {
 130   2                      LCD_Write_Data(Num/LCD_POW(10,i-1)%10+'0');
 131   2              }
 132   1      
 133   1      }
 134          
 135          
 136          
 137          
 138          
 139          
 140          
 141          


MODULE INFORMATION:   STATIC OVERLAYABLE
   CODE SIZE        =    304    ----
   CONSTANT SIZE    =   ----    ----
   XDATA SIZE       =   ----    ----
   PDATA SIZE       =   ----    ----
   DATA SIZE        =   ----      16
   IDATA SIZE       =   ----    ----
   BIT SIZE         =   ----    ----
END OF MODULE INFORMATION.


C51 COMPILATION COMPLETE.  0 WARNING(S),  0 ERROR(S)
