C51 COMPILER V9.57.0.0   MAIN                                                              06/09/2025 15:41:57 PAGE 1   


C51 COMPILER V9.57.0.0, COMPILATION OF MODULE MAIN
OBJECT MODULE PLACED IN .\Objects\main.obj
COMPILER INVOKED BY: D:\keil 5 project\C51\BIN\C51.EXE main.c OPTIMIZE(8,SPEED) BROWSE DEBUG OBJECTEXTEND PRINT(.\Listin
                    -gs\main.lst) OBJECT(.\Objects\main.obj)

line level    source

   1          #include<REGX52.H>
   2          
   3          void Delay1ms(unsigned int x)           //@11.0592MHz
   4          {
   5   1              unsigned char i, j;
   6   1        while(x--)
   7   1              {
   8   2                      j = 190;
   9   2                              do
  10   2                              {
  11   3                                      while (--j);
  12   3                              } while (--i);
  13   2              }
  14   1      }
  15          
  16          
  17          void main()
  18          {
  19   1              while(1)
  20   1              {
  21   2                      if(P3_0==0)
  22   2                      {
  23   3                              Delay1ms(20);
  24   3                              while(P3_0==0);
  25   3                              Delay1ms(20);
  26   3                              P2_0=~P2_0;     
  27   3                      }
  28   2              }
  29   1      }


MODULE INFORMATION:   STATIC OVERLAYABLE
   CODE SIZE        =     44    ----
   CONSTANT SIZE    =   ----    ----
   XDATA SIZE       =   ----    ----
   PDATA SIZE       =   ----    ----
   DATA SIZE        =   ----       1
   IDATA SIZE       =   ----    ----
   BIT SIZE         =   ----    ----
END OF MODULE INFORMATION.


C51 COMPILATION COMPLETE.  0 WARNING(S),  0 ERROR(S)
