C51 COMPILER V9.57.0.0   MAIN                                                              06/14/2025 14:23:22 PAGE 1   


C51 COMPILER V9.57.0.0, COMPILATION OF MODULE MAIN
OBJECT MODULE PLACED IN .\Objects\MAIN.obj
COMPILER INVOKED BY: D:\keil 5 project\C51\BIN\C51.EXE MAIN.c OPTIMIZE(8,SPEED) BROWSE DEBUG OBJECTEXTEND PRINT(.\Listin
                    -gs\MAIN.lst) OBJECT(.\Objects\MAIN.obj)

line level    source

   1          #include <REGX52.H>
   2          #include <one wire.H>
   3          
   4          void main()
   5          {
   6   1              while(1)
   7   1              {
   8   2                      
   9   2              }
  10   1      }


MODULE INFORMATION:   STATIC OVERLAYABLE
   CODE SIZE        =      2    ----
   CONSTANT SIZE    =   ----    ----
   XDATA SIZE       =   ----    ----
   PDATA SIZE       =   ----    ----
   DATA SIZE        =   ----    ----
   IDATA SIZE       =   ----    ----
   BIT SIZE         =   ----    ----
END OF MODULE INFORMATION.


C51 COMPILATION COMPLETE.  0 WARNING(S),  0 ERROR(S)
