C51 COMPILER V9.57.0.0   ONE_WIRE                                                          06/14/2025 14:05:40 PAGE 1   


C51 COMPILER V9.57.0.0, COMPILATION OF MODULE ONE_WIRE
OBJECT MODULE PLACED IN .\Objects\one wire.obj
COMPILER INVOKED BY: D:\keil 5 project\C51\BIN\C51.EXE one wire.c OPTIMIZE(8,SPEED) BROWSE DEBUG OBJECTEXTEND PRINT(.\Li
                    -stings\one wire.lst) OBJECT(.\Objects\one wire.obj)

line level    source

   1          #include <REGX52.H>
   2          
   3          sbit DQ=P3^7;
   4          
   5          unsigned char ONE_WIRE_INIT()
   6          {
   7   1              unsigned char i, ACK;
   8   1              DQ=1;
   9   1              DQ=0;
  10   1              i = 227;while (--i);    //—” ±500Œ¢√Î
  11   1              DQ=1;
  12   1              i = 32;while (--i);             //—” ±70Œ¢√Î
  13   1              ACK=DQ;
  14   1              i = 227;while (--i);    //—” ±500Œ¢√Î
  15   1              return ACK;
  16   1      }
  17          
  18          void ONE_WIRE_SEND(unsigned char BIT)
  19          {
  20   1              unsigned char i;
  21   1              DQ=0;
  22   1              i = 3;while (--i);              //—” ±10Œ¢√Î
  23   1              DQ=BIT;
  24   1              i = 20;while (--i);     //—” ±50Œ¢√Î    
  25   1              DQ=1;
  26   1      }
  27          
  28          unsigned char ONE_WIRE_RECIVE()
  29          {
  30   1              unsigned char i,BIT;
  31   1              DQ=0;
  32   1              i = 3;while (--i);              //—” ±10Œ¢√Î
  33   1              DQ=1;
  34   1              BIT=DQ;
  35   1              i = 20;while (--i);     //—” ±50Œ¢√Î    
  36   1              return BIT;
  37   1      }
  38          
  39          void ONE_WIRE_SEND_BYTE(unsigned char DATA)
  40          {       
  41   1              unsigned char i;
  42   1              for(i=0;i<8;i++)
  43   1              {
  44   2                      ONE_WIRE_SEND(DATA&=(0X01<<i));
  45   2              }
  46   1      }
  47          
  48          unsigned char ONE_WIRE_RECIVE_BYTE()
  49          {
  50   1              unsigned char i,DATA=0X00;
  51   1              for(i=0;i<8;i++)
  52   1              {
  53   2                      DATA|=ONE_WIRE_RECIVE();
  54   2                      DATA<<=1;
C51 COMPILER V9.57.0.0   ONE_WIRE                                                          06/14/2025 14:05:40 PAGE 2   

  55   2              }
  56   1              return DATA;
  57   1      }
  58          
  59          
  60          
  61          
  62          
  63          
  64          
  65          
  66          
  67          
  68          
  69          
  70          
  71          
  72          
  73          
  74          
  75          
  76          
  77          
  78          
  79          
  80          
  81          
  82          
  83          
  84          
  85          
  86          


MODULE INFORMATION:   STATIC OVERLAYABLE
   CODE SIZE        =    110    ----
   CONSTANT SIZE    =   ----    ----
   XDATA SIZE       =   ----    ----
   PDATA SIZE       =   ----    ----
   DATA SIZE        =   ----    ----
   IDATA SIZE       =   ----    ----
   BIT SIZE         =   ----    ----
END OF MODULE INFORMATION.


C51 COMPILATION COMPLETE.  0 WARNING(S),  0 ERROR(S)
