C51 COMPILER V9.57.0.0   ADC                                                               06/19/2025 12:57:20 PAGE 1   


C51 COMPILER V9.57.0.0, COMPILATION OF MODULE ADC
OBJECT MODULE PLACED IN .\Objects\ADC.obj
COMPILER INVOKED BY: D:\keil 5 project\C51\BIN\C51.EXE ADC.c OPTIMIZE(8,SPEED) BROWSE DEBUG OBJECTEXTEND PRINT(.\Listing
                    -s\ADC.lst) OBJECT(.\Objects\ADC.obj)

line level    source

   1          #include <REGX52.H>
   2          
   3          sbit XPT2046_CS=P3^5;
   4          sbit XPT2046_DCLK=P3^6;
   5          sbit XPT2046_DIN=P3^4;
   6          sbit XPT2046_DOUT=P3^7;
   7          
   8          unsigned int XPT2046_READ(unsigned char command)
   9          {
  10   1              unsigned char i=0;
  11   1              unsigned int Data=0;
  12   1              XPT2046_DCLK=0;
  13   1              XPT2046_CS=0;
  14   1              for(i=0;i<8;i++)
  15   1              {
  16   2                      XPT2046_DIN=command&(0x80>>i);  //因为是上升沿输入，所以在上升沿来临之前就必须要将数据给到DIN。
  17   2                      XPT2046_DCLK=1;
  18   2      Delay1();                       
*** WARNING C206 IN LINE 18 OF ADC.c: 'Delay1': missing function-prototype
  19   2                      XPT2046_DCLK=0;
  20   2      Delay1();       
  21   2              }
  22   1              for(i=0;i<16;i++)
  23   1              {
  24   2                      XPT2046_DCLK=1;
  25   2      Delay1();                       //在下一个读的数据到来之前要给一个上升沿和一个下降沿，再输入数据（根据时序图）
  26   2                      XPT2046_DCLK=0;
  27   2      Delay1();       
  28   2                      if(XPT2046_DOUT)
  29   2                      {
  30   3                              Data|=(0x8000>>i);
  31   3                      }
  32   2              }
  33   1              XPT2046_CS=1;
  34   1      Delay1();       
  35   1              return Data>>4;
  36   1      }


MODULE INFORMATION:   STATIC OVERLAYABLE
   CODE SIZE        =    126    ----
   CONSTANT SIZE    =   ----    ----
   XDATA SIZE       =   ----    ----
   PDATA SIZE       =   ----    ----
   DATA SIZE        =   ----       4
   IDATA SIZE       =   ----    ----
   BIT SIZE         =   ----    ----
END OF MODULE INFORMATION.


C51 COMPILATION COMPLETE.  1 WARNING(S),  0 ERROR(S)
