C51 COMPILER V9.57.0.0   LCD                                                               06/19/2025 12:57:21 PAGE 1   


C51 COMPILER V9.57.0.0, COMPILATION OF MODULE LCD
OBJECT MODULE PLACED IN .\Objects\LCD.obj
COMPILER INVOKED BY: D:\keil 5 project\C51\BIN\C51.EXE LCD.c OPTIMIZE(8,SPEED) BROWSE DEBUG OBJECTEXTEND PRINT(.\Listing
                    -s\LCD.lst) OBJECT(.\Objects\LCD.obj)

line level    source

   1          #include <REGX52.H>
   2          
   3          //void Delay1ms(unsigned char x)                //@11.0592MHz
   4          //{
   5          //      unsigned char i, j;
   6          //      while(x--)
   7          //      {
   8          //                      i = 11;
   9          //              j = 190;
  10          //              do
  11          //              {
  12          //                      while (--j);
  13          //              } while (--i);
  14          //      }
  15          //      
  16          //}
  17          
  18          void LCD(unsigned char x,unsigned char y)
  19          {
  20   1              int arr[]={0x3F,0X06,0X5B,0X4F,0X66,0X6D,0X7D,0X07,0X7F,0X6F};
  21   1              
  22   1                      if(x==8)
  23   1                      {
  24   2                              P2_2=0;P2_3=0;P2_4=0;
  25   2                      }
  26   1                      if(x==7)
  27   1                      {
  28   2                              P2_2=1;P2_3=0;P2_4=0;
  29   2                      }
  30   1                      if(x==6)
  31   1                      {
  32   2                              P2_2=0;P2_3=1;P2_4=0;
  33   2                      }
  34   1                      if(x==5)
  35   1                      {
  36   2                              P2_2=1;P2_3=1;P2_4=0;
  37   2                      }
  38   1                      if(x==4)
  39   1                      {
  40   2                              P2_2=0;P2_3=0;P2_4=1;
  41   2                      }
  42   1                      if(x==3)
  43   1                      {
  44   2                              P2_2=1;P2_3=0;P2_4=1;
  45   2                      }
  46   1                      if(x==2)
  47   1                      {
  48   2                              P2_2=0;P2_3=1;P2_4=1;
  49   2                      }
  50   1                      if(x==1)
  51   1                      {
  52   2                              P2_2=1;P2_3=1;P2_4=1;
  53   2                      }
  54   1                      P0=arr[y];
C51 COMPILER V9.57.0.0   LCD                                                               06/19/2025 12:57:21 PAGE 2   

  55   1              
  56   1              
  57   1      }


MODULE INFORMATION:   STATIC OVERLAYABLE
   CODE SIZE        =    123    ----
   CONSTANT SIZE    =     20    ----
   XDATA SIZE       =   ----    ----
   PDATA SIZE       =   ----    ----
   DATA SIZE        =   ----      22
   IDATA SIZE       =   ----    ----
   BIT SIZE         =   ----    ----
END OF MODULE INFORMATION.


C51 COMPILATION COMPLETE.  0 WARNING(S),  0 ERROR(S)
