C51 COMPILER V9.57.0.0   TIMER_0                                                           06/19/2025 13:08:59 PAGE 1   


C51 COMPILER V9.57.0.0, COMPILATION OF MODULE TIMER_0
OBJECT MODULE PLACED IN .\Objects\TIMER_0.obj
COMPILER INVOKED BY: D:\keil 5 project\C51\BIN\C51.EXE TIMER_0.c OPTIMIZE(8,SPEED) BROWSE DEBUG OBJECTEXTEND PRINT(.\Lis
                    -tings\TIMER_0.lst) OBJECT(.\Objects\TIMER_0.obj)

line level    source

   1          #include <REGX52.H>
   2          
   3          void TIMER_0_INIT()     //¶¨Ê±Æ÷50Î¢Ãë          
   4          {
   5   1              TMOD &= 0xF0;           
   6   1              TMOD |= 0x01;           
   7   1              TL0 = 0x00;             
   8   1              TH0 = 0xDC;     
   9   1              TF0=0;
  10   1              TR0=1;
  11   1              EA=1;
  12   1              ET0=1;
  13   1              PT0=0;
  14   1      }       
  15          
  16          
  17          //void TIMER_0_ISR()   interrupt 1
  18          //{
  19          //                      
  20          //}     


MODULE INFORMATION:   STATIC OVERLAYABLE
   CODE SIZE        =     23    ----
   CONSTANT SIZE    =   ----    ----
   XDATA SIZE       =   ----    ----
   PDATA SIZE       =   ----    ----
   DATA SIZE        =   ----    ----
   IDATA SIZE       =   ----    ----
   BIT SIZE         =   ----    ----
END OF MODULE INFORMATION.


C51 COMPILATION COMPLETE.  0 WARNING(S),  0 ERROR(S)
