C51 COMPILER V9.57.0.0   AT24C02                                                           06/13/2025 16:54:25 PAGE 1   


C51 COMPILER V9.57.0.0, COMPILATION OF MODULE AT24C02
OBJECT MODULE PLACED IN .\Objects\AT24C02.obj
COMPILER INVOKED BY: D:\keil 5 project\C51\BIN\C51.EXE AT24C02.c OPTIMIZE(8,SPEED) BROWSE DEBUG OBJECTEXTEND PRINT(.\Lis
                    -tings\AT24C02.lst) OBJECT(.\Objects\AT24C02.obj)

line level    source

   1          #include <REGX52.H>
   2          #include <IIC.H>
   3          
   4          #define AT24C02_ADDRESS 0XA0
   5          
   6          void AT24C02_SEND(unsigned char WORDADRESS,DATA)
   7          {
   8   1              IIC_STAR();
   9   1              IIC_SEND_BYTE(AT24C02_ADDRESS);
  10   1              IIC_RESIVE_ASK();       
  11   1              IIC_SEND_BYTE(WORDADRESS);
  12   1              IIC_RESIVE_ASK();       
  13   1              IIC_SEND_BYTE(DATA);
  14   1              IIC_RESIVE_ASK();       
  15   1              IIC_STOP();
  16   1      }
  17          
  18          unsigned char AT24C02_REDBYTE(unsigned char WORDADRESS)
  19          {
  20   1              unsigned char DATA;
  21   1              IIC_STAR();
  22   1              IIC_SEND_BYTE(AT24C02_ADDRESS);
  23   1              IIC_RESIVE_ASK();       
  24   1              IIC_SEND_BYTE(WORDADRESS);
  25   1              IIC_RESIVE_ASK();       
  26   1              IIC_STAR();
  27   1              IIC_SEND_BYTE(AT24C02_ADDRESS&0x01);
  28   1              IIC_RESIVE_ASK();
  29   1              DATA=IIC_RESIVE_BYTE();
  30   1              IIC_SEND_ACK(1);
  31   1              IIC_STOP();
  32   1              return DATA;
  33   1      }


MODULE INFORMATION:   STATIC OVERLAYABLE
   CODE SIZE        =     84    ----
   CONSTANT SIZE    =   ----    ----
   XDATA SIZE       =   ----    ----
   PDATA SIZE       =   ----    ----
   DATA SIZE        =   ----       5
   IDATA SIZE       =   ----    ----
   BIT SIZE         =   ----    ----
END OF MODULE INFORMATION.


C51 COMPILATION COMPLETE.  0 WARNING(S),  0 ERROR(S)
