C51 COMPILER V9.57.0.0   IIC                                                               06/13/2025 16:20:30 PAGE 1   


C51 COMPILER V9.57.0.0, COMPILATION OF MODULE IIC
OBJECT MODULE PLACED IN .\Objects\IIC.obj
COMPILER INVOKED BY: D:\keil 5 project\C51\BIN\C51.EXE IIC.c OPTIMIZE(8,SPEED) BROWSE DEBUG OBJECTEXTEND PRINT(.\Listing
                    -s\IIC.lst) OBJECT(.\Objects\IIC.obj)

line level    source

   1          #include <REGX52.H>
   2          
   3          sbit SCL=P2^1;
   4          sbit SDA=P2^0;
   5          
   6          void IIC_STAR()  //产生下降波形
   7          {
   8   1              SDA=1;
   9   1              SCL=1;
  10   1              SDA=0;
  11   1              SCL=0;
  12   1      }
  13          
  14          void IIC_STOP()  //产生上升波形
  15          {
  16   1              SDA=0;
  17   1              SCL=1;
  18   1              SDA=1;  
  19   1      }
  20          
  21          void IIC_SEND_BYTE(unsigned char DATA)
  22          {
  23   1              unsigned char i;
  24   1              for(i=0;i<8;i++)
  25   1              {
  26   2                      SDA=DATA&(0X80>>i);
  27   2                      SCL=1;
  28   2                      SCL=0;
  29   2              }
  30   1      }
  31          
  32          unsigned char IIC_RESIVE_BYTE()
  33          {
  34   1              unsigned char DATA=0X00,i;
  35   1              SDA=1;
  36   1              for(i=0;i<8;i++)
  37   1              {
  38   2                      SCL=1;
  39   2                      if(SDA)
  40   2                      {
  41   3                              DATA|=(0X80>>i);
  42   3                      }
  43   2                      SCL=0;
  44   2              }
  45   1              return DATA;
  46   1      }       
  47                  
  48          void IIC_SEND_ACK(unsigned char ACK)    
  49          {
  50   1              SDA=ACK;
  51   1              SCL=1;
  52   1              SCL=0;
  53   1      }
  54                  
C51 COMPILER V9.57.0.0   IIC                                                               06/13/2025 16:20:30 PAGE 2   

  55          unsigned char IIC_RESIVE_ASK()  
  56          {
  57   1              unsigned char ASK;
  58   1              SDA=1;
  59   1              SCL=1;
  60   1              ASK=SDA;
  61   1              SCL=0;
  62   1              return ASK;
  63   1      }
  64                  
  65                  
  66                  
  67                  
  68                  
  69                  


MODULE INFORMATION:   STATIC OVERLAYABLE
   CODE SIZE        =    109    ----
   CONSTANT SIZE    =   ----    ----
   XDATA SIZE       =   ----    ----
   PDATA SIZE       =   ----    ----
   DATA SIZE        =   ----    ----
   IDATA SIZE       =   ----    ----
   BIT SIZE         =   ----    ----
END OF MODULE INFORMATION.


C51 COMPILATION COMPLETE.  0 WARNING(S),  0 ERROR(S)
