C51 COMPILER V9.57.0.0   MAIN                                                              06/07/2025 14:16:20 PAGE 1   


C51 COMPILER V9.57.0.0, COMPILATION OF MODULE MAIN
OBJECT MODULE PLACED IN .\Objects\main.obj
COMPILER INVOKED BY: D:\keil 5 project\C51\BIN\C51.EXE main.c OPTIMIZE(8,SPEED) BROWSE DEBUG OBJECTEXTEND PRINT(.\Listin
                    -gs\main.lst) TABS(2) OBJECT(.\Objects\main.obj)

line level    source

   1          #include<REGX52.h>
   2          
   3          void Delay1ms(unsigned int x)   //@11.0592MHz
   4          {
   5   1          while(x--)
   6   1          {
   7   2              unsigned char i, j;
   8   2              i = 11;
   9   2              j = 190;
  10   2              do
  11   2              {
  12   3                while (--j);
  13   3              } while (--i);
  14   2            
  15   2          }
  16   1      }
  17          
  18          void main()
  19          {
  20   1          int i=0x01;
  21   1        while(1)
  22   1        {
  23   2          P2=~i;
  24   2          i<<=1;
  25   2          if(i>0x80)
  26   2          {
  27   3            i=0x01;
  28   3          }
  29   2          Delay1ms(50);
  30   2        }
  31   1      }
  32            


MODULE INFORMATION:   STATIC OVERLAYABLE
   CODE SIZE        =     64    ----
   CONSTANT SIZE    =   ----    ----
   XDATA SIZE       =   ----    ----
   PDATA SIZE       =   ----    ----
   DATA SIZE        =   ----       2
   IDATA SIZE       =   ----    ----
   BIT SIZE         =   ----    ----
END OF MODULE INFORMATION.


C51 COMPILATION COMPLETE.  0 WARNING(S),  0 ERROR(S)
