C51 COMPILER V9.57.0.0   KEY                                                               06/09/2025 15:46:06 PAGE 1   


C51 COMPILER V9.57.0.0, COMPILATION OF MODULE KEY
OBJECT MODULE PLACED IN .\Objects\key.obj
COMPILER INVOKED BY: D:\keil 5 project\C51\BIN\C51.EXE key.c OPTIMIZE(8,SPEED) BROWSE DEBUG OBJECTEXTEND PRINT(.\Listing
                    -s\key.lst) OBJECT(.\Objects\key.obj)

line level    source

   1          #include<REGX52.H>
   2          #include"delay.h"
   3          
   4          int key()
   5          {
   6   1              if(P3_1==0)
   7   1              {
   8   2                      Delay1ms(20);while(P3_1==0);Delay1ms(20);return 1;
   9   2              }
  10   1              else
  11   1                      return 0;
  12   1              
  13   1      }


MODULE INFORMATION:   STATIC OVERLAYABLE
   CODE SIZE        =     29    ----
   CONSTANT SIZE    =   ----    ----
   XDATA SIZE       =   ----    ----
   PDATA SIZE       =   ----    ----
   DATA SIZE        =   ----    ----
   IDATA SIZE       =   ----    ----
   BIT SIZE         =   ----    ----
END OF MODULE INFORMATION.


C51 COMPILATION COMPLETE.  0 WARNING(S),  0 ERROR(S)
