C51 COMPILER V9.57.0.0   MAIN                                                              06/09/2025 16:00:55 PAGE 1   


C51 COMPILER V9.57.0.0, COMPILATION OF MODULE MAIN
OBJECT MODULE PLACED IN .\Objects\main.obj
COMPILER INVOKED BY: D:\keil 5 project\C51\BIN\C51.EXE main.c OPTIMIZE(8,SPEED) BROWSE DEBUG OBJECTEXTEND PRINT(.\Listin
                    -gs\main.lst) OBJECT(.\Objects\main.obj)

line level    source

   1          #include "key.h"
   2          #include <INTRINS.H>
   3          void Timer0_Init()
   4          {
   5   1              TMOD=0X01;              //设置定时器工作方式
   6   1              TR0=1;                  //允许定时器0工作
   7   1              TF0=0;                  //中断溢出标志位置0
   8   1              TL0=64535%256;  //设置处置低八位
   9   1              TH0=64535/256;  //设置初值高八位
  10   1              EA=1;                   //中断总允许位
  11   1              ET0=1;                  //T0定时器终端开关
  12   1              PT0=0;                  //T0定时器中断优先级设置为默认低优先级
  13   1      }
  14          unsigned char keynum,mode;
  15          void main()
  16          {
  17   1              P2=0XFE;
  18   1              Timer0_Init();
  19   1              while(1)
  20   1              {
  21   2                      keynum=key();
  22   2                      if(keynum==1)
  23   2                      {
  24   3                              mode++;
  25   3                              if(mode>=2)mode=0;
  26   3                      }
  27   2                      
  28   2                              
  29   2              }       
  30   1      }
  31          
  32          void Timer0_IRS() interrupt 1
  33          {
  34   1              static int count=0;             //修饰count变量
  35   1              TL0=64535%256;
  36   1              TH0=64535/256;
  37   1              count++;
  38   1              if(count>500)
  39   1              {
  40   2                      count=0;
  41   2                      if(mode==0)
  42   2                      {
  43   3                              P2=_cror_(P2,1);
  44   3                      }
  45   2                      if(mode==1)
  46   2                      {
  47   3                              P2=_crol_(P2,1);
  48   3                      }
  49   2              }
  50   1      }


MODULE INFORMATION:   STATIC OVERLAYABLE
   CODE SIZE        =    136    ----
C51 COMPILER V9.57.0.0   MAIN                                                              06/09/2025 16:00:55 PAGE 2   

   CONSTANT SIZE    =   ----    ----
   XDATA SIZE       =   ----    ----
   PDATA SIZE       =   ----    ----
   DATA SIZE        =      4    ----
   IDATA SIZE       =   ----    ----
   BIT SIZE         =   ----    ----
END OF MODULE INFORMATION.


C51 COMPILATION COMPLETE.  0 WARNING(S),  0 ERROR(S)
