C51 COMPILER V9.57.0.0   LED                                                               06/12/2025 16:44:49 PAGE 1   


C51 COMPILER V9.57.0.0, COMPILATION OF MODULE LED
OBJECT MODULE PLACED IN .\Objects\LED.obj
COMPILER INVOKED BY: D:\keil 5 project\C51\BIN\C51.EXE LED.c OPTIMIZE(8,SPEED) BROWSE DEBUG OBJECTEXTEND PRINT(.\Listing
                    -s\LED.lst) OBJECT(.\Objects\LED.obj)

line level    source

   1          #include <REGX52.H>
   2          
   3          sbit RCK=P3^5;
   4          sbit SCK=P3^6;
   5          sbit SER=P3^4;
   6          void Delay1ms( )                        //@11.0592MHz
   7          {
   8   1              unsigned char i;
   9   1      
  10   1              i = 43;
  11   1              while (--i);
  12   1      }
  13          
  14          void _74HC95(unsigned char COL)
  15          {
  16   1              char i=8;
  17   1              char num=0;
  18   1              while(i--)
  19   1              {
  20   2                      SER=COL&(0X01<<num);
  21   2                      SCK=1;
  22   2                      SCK=0;
  23   2                      num++;
  24   2              }
  25   1              RCK=1;
  26   1              RCK=0;
  27   1      }
  28          //ROW 表示第几列范围0~7 DATA 代表第几行
  29          void LED(unsigned char ROW,DATA)
  30          {
  31   1              _74HC95(DATA);
  32   1              P0=~(0X80>>ROW);
  33   1              Delay1ms( );
  34   1              P0=0XFF;
  35   1              
  36   1      }
  37          


MODULE INFORMATION:   STATIC OVERLAYABLE
   CODE SIZE        =     86    ----
   CONSTANT SIZE    =   ----    ----
   XDATA SIZE       =   ----    ----
   PDATA SIZE       =   ----    ----
   DATA SIZE        =   ----    ----
   IDATA SIZE       =   ----    ----
   BIT SIZE         =   ----    ----
END OF MODULE INFORMATION.


C51 COMPILATION COMPLETE.  0 WARNING(S),  0 ERROR(S)
