C51 COMPILER V9.57.0.0   MAIN                                                              06/08/2025 12:13:58 PAGE 1   


C51 COMPILER V9.57.0.0, COMPILATION OF MODULE MAIN
OBJECT MODULE PLACED IN .\Objects\main.obj
COMPILER INVOKED BY: D:\keil 5 project\C51\BIN\C51.EXE main.c OPTIMIZE(8,SPEED) BROWSE DEBUG OBJECTEXTEND PRINT(.\Listin
                    -gs\main.lst) TABS(2) OBJECT(.\Objects\main.obj)

line level    source

   1          #include<REGX52.H>
   2          
   3          void Delay1ms(unsigned int x)   //@11.0592MHz
   4          {
   5   1        unsigned char i, j;
   6   1        while(x--)
   7   1        {
   8   2            j = 190;
   9   2            do
  10   2            {
  11   3              while (--j);
  12   3            } while (--i);
  13   2        }
  14   1      }
  15          
  16          void main()
  17          {
  18   1        int i=0;
  19   1        
  20   1        while(1)
  21   1        {
  22   2          if(P3_1==0)
  23   2          {
  24   3            Delay1ms(1);
  25   3            while(P3_1==0);
  26   3            Delay1ms(1);
  27   3            i++;
  28   3            P2=~i;
  29   3            
  30   3          }
  31   2        }
  32   1        
  33   1      }
  34          
  35          


MODULE INFORMATION:   STATIC OVERLAYABLE
   CODE SIZE        =     54    ----
   CONSTANT SIZE    =   ----    ----
   XDATA SIZE       =   ----    ----
   PDATA SIZE       =   ----    ----
   DATA SIZE        =   ----       1
   IDATA SIZE       =   ----    ----
   BIT SIZE         =   ----    ----
END OF MODULE INFORMATION.


C51 COMPILATION COMPLETE.  0 WARNING(S),  0 ERROR(S)
