C51 COMPILER V9.57.0.0   KEY                                                               06/15/2025 10:54:05 PAGE 1   


C51 COMPILER V9.57.0.0, COMPILATION OF MODULE KEY
OBJECT MODULE PLACED IN .\Objects\key.obj
COMPILER INVOKED BY: D:\keil 5 project\C51\BIN\C51.EXE key.c OPTIMIZE(8,SPEED) BROWSE DEBUG OBJECTEXTEND PRINT(.\Listing
                    -s\key.lst) OBJECT(.\Objects\key.obj)

line level    source

   1          #include <REGX52.H>
   2          
   3          void Delay()            //@11.0592MHz 20ms
   4          {
   5   1              unsigned char i, j;
   6   1      
   7   1              i = 36;
   8   1              j = 217;
   9   1              do
  10   1              {
  11   2                      while (--j);
  12   2              } while (--i);
  13   1      }
  14          
  15          unsigned char key()
  16          {
  17   1              if(P3_1==0)
  18   1              {
  19   2                      Delay();
  20   2                      while(P3_1==0)
  21   2                      Delay();
  22   2                      return 1;
  23   2              }
  24   1              if(P3_0==0)
  25   1              {
  26   2                      Delay();
  27   2                      while(P3_0==0)
  28   2                      Delay();
  29   2                      return 2;
  30   2              }
  31   1              if(P3_2==0)
  32   1              {
  33   2                      Delay();
  34   2                      while(P3_2==0)
  35   2                      Delay();
  36   2                      return 3;
  37   2              }
  38   1              if(P3_3==0)
  39   1              {
  40   2                      Delay();
  41   2                      while(P3_3==0)
  42   2                      Delay();
  43   2                      return 4;
  44   2              }
  45   1              return 0;
  46   1      }


MODULE INFORMATION:   STATIC OVERLAYABLE
   CODE SIZE        =     76    ----
   CONSTANT SIZE    =   ----    ----
   XDATA SIZE       =   ----    ----
   PDATA SIZE       =   ----    ----
   DATA SIZE        =   ----    ----
C51 COMPILER V9.57.0.0   KEY                                                               06/15/2025 10:54:05 PAGE 2   

   IDATA SIZE       =   ----    ----
   BIT SIZE         =   ----    ----
END OF MODULE INFORMATION.


C51 COMPILATION COMPLETE.  0 WARNING(S),  0 ERROR(S)
