C51 COMPILER V9.57.0.0   MAIN                                                              06/17/2025 17:05:16 PAGE 1   


C51 COMPILER V9.57.0.0, COMPILATION OF MODULE MAIN
OBJECT MODULE PLACED IN .\Objects\main.obj
COMPILER INVOKED BY: D:\keil 5 project\C51\BIN\C51.EXE main.c OPTIMIZE(8,SPEED) BROWSE DEBUG OBJECTEXTEND PRINT(.\Listin
                    -gs\main.lst) OBJECT(.\Objects\main.obj)

line level    source

   1          #include <REGX52.H>
   2          #include <INT0.H>
   3          #include <LCD1602.H>
   4          
   5          unsigned char number;
   6          unsigned char b;
   7          
   8          void Delay100us()               //@11.0592MHz
   9          {
  10   1              unsigned char i;
  11   1              i = 7;
  12   1              while (--i);
  13   1      }
  14          
  15          
  16          void main()
  17          {
  18   1              INT0_INIT();
  19   1              LCD_Write_INIT();
  20   1              LCD_ShowString(1,1,"count:");
  21   1              while(1)
  22   1              {
  23   2                      LCD_ShowNum(2,1,number,3);
  24   2                      if(number>20)
  25   2                      {
  26   3                              for(b=0;b<100;b++)
  27   3                              {
  28   4                                      LCD_ShowNum(2,1,number,3);
  29   4                                      P2_5=!P2_5;
  30   4                                      Delay100us();
  31   4                              }
  32   3                      }
  33   2              }
  34   1      }
  35          
  36          void INT0_ISR() interrupt 0
  37          {
  38   1              while(P3_2==0);
  39   1              number++;
  40   1      }


MODULE INFORMATION:   STATIC OVERLAYABLE
   CODE SIZE        =     80    ----
   CONSTANT SIZE    =      7    ----
   XDATA SIZE       =   ----    ----
   PDATA SIZE       =   ----    ----
   DATA SIZE        =      2    ----
   IDATA SIZE       =   ----    ----
   BIT SIZE         =   ----    ----
END OF MODULE INFORMATION.


C51 COMPILATION COMPLETE.  0 WARNING(S),  0 ERROR(S)
