C51 COMPILER V9.57.0.0   MAIN                                                              06/11/2025 18:35:16 PAGE 1   


C51 COMPILER V9.57.0.0, COMPILATION OF MODULE MAIN
OBJECT MODULE PLACED IN .\Objects\main.obj
COMPILER INVOKED BY: D:\keil 5 project\C51\BIN\C51.EXE main.c OPTIMIZE(8,SPEED) BROWSE DEBUG OBJECTEXTEND PRINT(.\Listin
                    -gs\main.lst) OBJECT(.\Objects\main.obj)

line level    source

   1          #include <REGX52.H>
   2          
   3          void UART_INIT()
   4          {
   5   1              PCON &= 0X7F;
   6   1              SCON = 0X50;    //9600bps@11.0592MHz
   7   1              TMOD &= 0x0F;           
   8   1              TMOD |= 0x20;
   9   1              TH1 = 0XFD;
  10   1              TL1 = 0XFD;
  11   1              TR1 = 1;
  12   1              ET1 = 0;
  13   1              ES = 1;
  14   1              EA = 1;
  15   1      }
  16          
  17          void UART_SEND(unsigned char x)
  18          {
  19   1              SBUF=x;
  20   1              while(TI==0);
  21   1              TI=0;
  22   1      }
  23          
  24          
  25          void main()
  26          {
  27   1              UART_INIT();
  28   1              while(1)
  29   1              {
  30   2                      
  31   2              }
  32   1      }
  33          
  34          void UART_ISR() interrupt 4
  35          {
  36   1              if(RI==1)
  37   1              {
  38   2                      P2=SBUF;
  39   2                      RI=0;
  40   2                      UART_SEND(SBUF);
  41   2              }
  42   1      }


MODULE INFORMATION:   STATIC OVERLAYABLE
   CODE SIZE        =     65    ----
   CONSTANT SIZE    =   ----    ----
   XDATA SIZE       =   ----    ----
   PDATA SIZE       =   ----    ----
   DATA SIZE        =   ----    ----
   IDATA SIZE       =   ----    ----
   BIT SIZE         =   ----    ----
END OF MODULE INFORMATION.


C51 COMPILATION COMPLETE.  0 WARNING(S),  0 ERROR(S)
