C51 COMPILER V9.57.0.0   LCD                                                               06/08/2025 15:32:29 PAGE 1   


C51 COMPILER V9.57.0.0, COMPILATION OF MODULE LCD
OBJECT MODULE PLACED IN .\Objects\LCD.obj
COMPILER INVOKED BY: D:\keil 5 project\C51\BIN\C51.EXE LCD.c OPTIMIZE(8,SPEED) BROWSE DEBUG OBJECTEXTEND PRINT(.\Listing
                    -s\LCD.lst) TABS(2) OBJECT(.\Objects\LCD.obj)

line level    source

   1          #include<LCD.h>
   2          void Delay1ms(unsigned char x)    //@11.0592MHz
   3          {
   4   1        unsigned char i, j;
   5   1        while(x--)
   6   1        {
   7   2            i = 11;
   8   2          j = 190;
   9   2          do
  10   2          {
  11   3            while (--j);
  12   3          } while (--i);
  13   2        }
  14   1        
  15   1      }
  16          
  17          void LCD(unsigned char x,unsigned char y)
  18          {
  19   1        int arr[]={0x3F,0X06,0X5B,0X4F,0X66,0X6D,0X7D,0X07,0X7F,0X6F};
  20   1        
  21   1          if(x==8)
  22   1          {
  23   2            P2_2=0;P2_3=0;P2_4=0;
  24   2          }
  25   1          if(x==7)
  26   1          {
  27   2            P2_2=1;P2_3=0;P2_4=0;
  28   2          }
  29   1          if(x==6)
  30   1          {
  31   2            P2_2=0;P2_3=1;P2_4=0;
  32   2          }
  33   1          if(x==5)
  34   1          {
  35   2            P2_2=1;P2_3=1;P2_4=0;
  36   2          }
  37   1          if(x==4)
  38   1          {
  39   2            P2_2=0;P2_3=0;P2_4=1;
  40   2          }
  41   1          if(x==3)
  42   1          {
  43   2            P2_2=1;P2_3=0;P2_4=1;
  44   2          }
  45   1          if(x==2)
  46   1          {
  47   2            P2_2=0;P2_3=1;P2_4=1;
  48   2          }
  49   1          if(x==1)
  50   1          {
  51   2            P2_2=1;P2_3=1;P2_4=1;
  52   2          }
  53   1          P0=arr[y];
  54   1        
C51 COMPILER V9.57.0.0   LCD                                                               06/08/2025 15:32:29 PAGE 2   

  55   1        
  56   1      }


MODULE INFORMATION:   STATIC OVERLAYABLE
   CODE SIZE        =    140    ----
   CONSTANT SIZE    =     20    ----
   XDATA SIZE       =   ----    ----
   PDATA SIZE       =   ----    ----
   DATA SIZE        =   ----      22
   IDATA SIZE       =   ----    ----
   BIT SIZE         =   ----    ----
END OF MODULE INFORMATION.


C51 COMPILATION COMPLETE.  0 WARNING(S),  0 ERROR(S)
