C51 COMPILER V9.57.0.0   MAIN                                                              06/08/2025 15:31:59 PAGE 1   


C51 COMPILER V9.57.0.0, COMPILATION OF MODULE MAIN
OBJECT MODULE PLACED IN .\Objects\main.obj
COMPILER INVOKED BY: D:\keil 5 project\C51\BIN\C51.EXE main.c OPTIMIZE(8,SPEED) BROWSE DEBUG OBJECTEXTEND PRINT(.\Listin
                    -gs\main.lst) TABS(2) OBJECT(.\Objects\main.obj)

line level    source

   1          #include<LCD.H>
   2          
   3          
   4          void main()
   5          {
   6   1        while(1)
   7   1        { 
   8   2          LCD(1,1);
   9   2          Delay1ms(1);
  10   2          LCD(2,2);
  11   2          Delay1ms(1);
  12   2          LCD(3,3);
  13   2          Delay1ms(1);
  14   2          LCD(4,4);
  15   2          Delay1ms(1);
  16   2        }
  17   1      }


MODULE INFORMATION:   STATIC OVERLAYABLE
   CODE SIZE        =     50    ----
   CONSTANT SIZE    =   ----    ----
   XDATA SIZE       =   ----    ----
   PDATA SIZE       =   ----    ----
   DATA SIZE        =   ----    ----
   IDATA SIZE       =   ----    ----
   BIT SIZE         =   ----    ----
END OF MODULE INFORMATION.


C51 COMPILATION COMPLETE.  0 WARNING(S),  0 ERROR(S)
