C51 COMPILER V9.57.0.0   MAIN                                                              06/10/2025 10:37:21 PAGE 1   


C51 COMPILER V9.57.0.0, COMPILATION OF MODULE MAIN
OBJECT MODULE PLACED IN .\Objects\main.obj
COMPILER INVOKED BY: D:\keil 5 project\C51\BIN\C51.EXE main.c OPTIMIZE(8,SPEED) BROWSE DEBUG OBJECTEXTEND PRINT(.\Listin
                    -gs\main.lst) OBJECT(.\Objects\main.obj)

line level    source

   1          #include <REGX52.H>
   2          
   3          void UART_INIT()
   4          {
   5   1              PCON &= 0X7F;
   6   1              SCON = 0X40;    //4800bps@11.0592MHz
   7   1              TMOD &= 0x0F;           
   8   1              TMOD |= 0x20;           
   9   1              ET1 = 0;
  10   1              TR1 = 1;
  11   1              TH1 = 0XFD;
  12   1              TL1 = 0XFD;
  13   1      }
  14          
  15          void UART_send(unsigned char x)
  16          {
  17   1              SBUF=x;
  18   1                      while(TI==0);
  19   1                      TI=0;
  20   1      }
  21          
  22          
  23          
  24          void main()
  25          {
  26   1              UART_INIT();
  27   1              UART_send(0X54);
  28   1              while(1)
  29   1              {
  30   2                      
  31   2              }
  32   1      }


MODULE INFORMATION:   STATIC OVERLAYABLE
   CODE SIZE        =     41    ----
   CONSTANT SIZE    =   ----    ----
   XDATA SIZE       =   ----    ----
   PDATA SIZE       =   ----    ----
   DATA SIZE        =   ----    ----
   IDATA SIZE       =   ----    ----
   BIT SIZE         =   ----    ----
END OF MODULE INFORMATION.


C51 COMPILATION COMPLETE.  0 WARNING(S),  0 ERROR(S)
